  2D.cpp
C:\msys64\mingw64\include\gmp.h(1796,24): warning C4244: 'return': conversion from 'mp_limb_t' to 'unsigned long', possible loss of data
  (compiling source file '2D.cpp')
  
C:\msys64\mingw64\include\gmp.h(2241,16): error C4146: unary minus operator applied to unsigned type, result still unsigned
  (compiling source file '2D.cpp')
  
  C_GNU.cpp
C:\msys64\mingw64\include\gmp.h(1796,24): warning C4244: 'return': conversion from 'mp_limb_t' to 'unsigned long', possible loss of data
  (compiling source file 'C_GNU.cpp')
  
C:\msys64\mingw64\include\gmp.h(2241,16): error C4146: unary minus operator applied to unsigned type, result still unsigned
  (compiling source file 'C_GNU.cpp')
  
D:\school\SpaceScience\blackHoleSim\C_GNU\C_GNU.cpp(215,9): warning C4101: 'gammaRPhiPhi': unreferenced local variable
D:\school\SpaceScience\blackHoleSim\C_GNU\C_GNU.cpp(221,9): warning C4101: 'gammaPhiThetaPhi': unreferenced local variable
D:\school\SpaceScience\blackHoleSim\C_GNU\C_GNU.cpp(216,9): warning C4101: 'gammaThetaRTheta': unreferenced local variable
D:\school\SpaceScience\blackHoleSim\C_GNU\C_GNU.cpp(213,9): warning C4101: 'gammaRRR': unreferenced local variable
D:\school\SpaceScience\blackHoleSim\C_GNU\C_GNU.cpp(211,9): warning C4101: 'gammaTRT': unreferenced local variable
D:\school\SpaceScience\blackHoleSim\C_GNU\C_GNU.cpp(220,9): warning C4101: 'gammaPhiPhiR': unreferenced local variable
D:\school\SpaceScience\blackHoleSim\C_GNU\C_GNU.cpp(219,9): warning C4101: 'gammaPhiRPhi': unreferenced local variable
D:\school\SpaceScience\blackHoleSim\C_GNU\C_GNU.cpp(214,9): warning C4101: 'gammaRThetaTheta': unreferenced local variable
D:\school\SpaceScience\blackHoleSim\C_GNU\C_GNU.cpp(212,9): warning C4101: 'gammaRTT': unreferenced local variable
D:\school\SpaceScience\blackHoleSim\C_GNU\C_GNU.cpp(222,9): warning C4101: 'gammaPhiPhiTheta': unreferenced local variable
D:\school\SpaceScience\blackHoleSim\C_GNU\C_GNU.cpp(218,9): warning C4101: 'gammaThetaPhiPhi': unreferenced local variable
D:\school\SpaceScience\blackHoleSim\C_GNU\C_GNU.cpp(217,9): warning C4101: 'gammaThetaThetaR': unreferenced local variable
D:\school\SpaceScience\blackHoleSim\C_GNU\C_GNU.cpp(210,9): warning C4101: 'gammaTTR': unreferenced local variable
  Generating Code...
